Build started 10/29/2014 11:02:08 AM.
     1>Project "D:\gitrepo\vs2010git\fun\CPUUsage\CPUUsage.vcxproj" on node 2 (build target(s)).
     1>PrepareForBuild:
         Creating directory "D:\gitrepo\vs2010git\fun\Debug\".
       InitializeBuildStatus:
         Creating "Debug\CPUUsage.unsuccessfulbuild" because "AlwaysCreate" was specified.
       ClCompile:
         C:\Program Files (x86)\Microsoft Visual Studio 10.0\VC\bin\CL.exe /c /I"D:\Program Files\eigen3" /ZI /nologo /W3 /WX- /Od /Oy- /D WIN32 /D _DEBUG /D _CONSOLE /D _UNICODE /D UNICODE /Gm /EHsc /RTC1 /MDd /GS /fp:precise /Zc:wchar_t /Zc:forScope /Fo"Debug\\" /Fd"Debug\vc100.pdb" /Gd /TP /analyze- /errorReport:prompt main.cpp
         main.cpp
       ManifestResourceCompile:
         C:\Program Files (x86)\Microsoft SDKs\Windows\v7.0A\bin\rc.exe /nologo /fo"Debug\CPUUsage.exe.embed.manifest.res" Debug\CPUUsage_manifest.rc 
       Link:
         C:\Program Files (x86)\Microsoft Visual Studio 10.0\VC\bin\link.exe /ERRORREPORT:PROMPT /OUT:"D:\gitrepo\vs2010git\fun\Debug\CPUUsage.exe" /INCREMENTAL /NOLOGO kernel32.lib user32.lib gdi32.lib winspool.lib comdlg32.lib advapi32.lib shell32.lib ole32.lib oleaut32.lib uuid.lib odbc32.lib odbccp32.lib /MANIFEST /ManifestFile:"Debug\CPUUsage.exe.intermediate.manifest" /MANIFESTUAC:"level='asInvoker' uiAccess='false'" /DEBUG /PDB:"D:\gitrepo\vs2010git\fun\Debug\CPUUsage.pdb" /SUBSYSTEM:CONSOLE /TLBID:1 /DYNAMICBASE /NXCOMPAT /IMPLIB:"D:\gitrepo\vs2010git\fun\Debug\CPUUsage.lib" /MACHINE:X86 Debug\CPUUsage.exe.embed.manifest.res
         Debug\main.obj
       Manifest:
         C:\Program Files (x86)\Microsoft SDKs\Windows\v7.0A\bin\mt.exe /nologo /verbose /out:"Debug\CPUUsage.exe.embed.manifest" /manifest Debug\CPUUsage.exe.intermediate.manifest
         C:\Program Files (x86)\Microsoft SDKs\Windows\v7.0A\bin\rc.exe /nologo /fo"Debug\CPUUsage.exe.embed.manifest.res" Debug\CPUUsage_manifest.rc 
       LinkEmbedManifest:
         C:\Program Files (x86)\Microsoft Visual Studio 10.0\VC\bin\link.exe /ERRORREPORT:PROMPT /OUT:"D:\gitrepo\vs2010git\fun\Debug\CPUUsage.exe" /INCREMENTAL /NOLOGO kernel32.lib user32.lib gdi32.lib winspool.lib comdlg32.lib advapi32.lib shell32.lib ole32.lib oleaut32.lib uuid.lib odbc32.lib odbccp32.lib /MANIFEST /ManifestFile:"Debug\CPUUsage.exe.intermediate.manifest" /MANIFESTUAC:"level='asInvoker' uiAccess='false'" /DEBUG /PDB:"D:\gitrepo\vs2010git\fun\Debug\CPUUsage.pdb" /SUBSYSTEM:CONSOLE /TLBID:1 /DYNAMICBASE /NXCOMPAT /IMPLIB:"D:\gitrepo\vs2010git\fun\Debug\CPUUsage.lib" /MACHINE:X86 Debug\CPUUsage.exe.embed.manifest.res
         Debug\main.obj
         CPUUsage.vcxproj -> D:\gitrepo\vs2010git\fun\Debug\CPUUsage.exe
       FinalizeBuildStatus:
         Deleting file "Debug\CPUUsage.unsuccessfulbuild".
         Touching "Debug\CPUUsage.lastbuildstate".
     1>Done Building Project "D:\gitrepo\vs2010git\fun\CPUUsage\CPUUsage.vcxproj" (build target(s)).

Build succeeded.

Time Elapsed 00:00:01.36
